# JRE version: OpenJDK Runtime Environment (18.0.1.1+2) (build 18.0.1.1+2-6)
# Java VM: OpenJDK 64-Bit Server VM (18.0.1.1+2-6, mixed mode, emulated-client, sharing, tiered, compressed oops, compressed class ptrs, g1 gc, windows-amd64)
GC Precious Log:
 CardTable entry size: 512
 Card Set container configuration: InlinePtr #cards 4 size 8 Array Of Cards #cards 16 size 48 Howl #buckets 8 coarsen threshold 3686 Howl Bitmap #cards 512 size 80 coarsen threshold 460 Card regions per heap region 1 cards per card region 4096
 CPUs: 4 total, 4 available
 Memory: 16336M
 Large Page Support: Disabled
 NUMA Support: Disabled
 Compressed Oops: Enabled (Zero based)
 Heap Region Size: 2M
 Heap Min Capacity: 8M
 Heap Initial Capacity: 256M
 Heap Max Capacity: 4086M
 Pre-touch: Disabled
 Parallel Workers: 4
 Concurrent Workers: 1
 Concurrent Refinement Workers: 4
 Periodic GC: Disabled
Heap:
 garbage-first heap   total 81920K, used 53921K [0x0000000700a00000, 0x0000000800000000)
  region size 2048K, 16 young (32768K), 2 survivors (4096K)
 Metaspace       used 69864K, committed 72320K, reserved 1114112K
  class space    used 9580K, committed 10112K, reserved 1048576K
GC Heap History (20 events):
Event: 3195.929 GC heap before
{Heap before GC invocations=80 (full 17):
 garbage-first heap   total 90112K, used 68219K [0x0000000700a00000, 0x0000000800000000)
  region size 2048K, 20 young (40960K), 0 survivors (0K)
 Metaspace       used 72199K, committed 72896K, reserved 1114112K
  class space    used 9766K, committed 10112K, reserved 1048576K
}
Event: 3195.931 GC heap after
{Heap after GC invocations=81 (full 17):
 garbage-first heap   total 90112K, used 30401K [0x0000000700a00000, 0x0000000800000000)
  region size 2048K, 2 young (4096K), 2 survivors (4096K)
 Metaspace       used 72199K, committed 72896K, reserved 1114112K
  class space    used 9766K, committed 10112K, reserved 1048576K
}
Event: 3196.541 GC heap before
{Heap before GC invocations=81 (full 17):
 garbage-first heap   total 90112K, used 67265K [0x0000000700a00000, 0x0000000800000000)
  region size 2048K, 20 young (40960K), 2 survivors (4096K)
 Metaspace       used 72396K, committed 73088K, reserved 1114112K
  class space    used 9779K, committed 10112K, reserved 1048576K
}
Event: 3196.544 GC heap after
{Heap after GC invocations=82 (full 17):
 garbage-first heap   total 90112K, used 32300K [0x0000000700a00000, 0x0000000800000000)
  region size 2048K, 3 young (6144K), 3 survivors (6144K)
 Metaspace       used 72396K, committed 73088K, reserved 1114112K
  class space    used 9779K, committed 10112K, reserved 1048576K
}
Event: 3197.341 GC heap before
{Heap before GC invocations=82 (full 17):
 garbage-first heap   total 90112K, used 69164K [0x0000000700a00000, 0x0000000800000000)
  region size 2048K, 21 young (43008K), 3 survivors (6144K)
 Metaspace       used 72505K, committed 73216K, reserved 1114112K
  class space    used 9786K, committed 10112K, reserved 1048576K
}
Event: 3197.346 GC heap after
{Heap after GC invocations=83 (full 17):
 garbage-first heap   total 90112K, used 33448K [0x0000000700a00000, 0x0000000800000000)
  region size 2048K, 2 young (4096K), 2 survivors (4096K)
 Metaspace       used 72505K, committed 73216K, reserved 1114112K
  class space    used 9786K, committed 10112K, reserved 1048576K
}
Event: 3824.356 GC heap before
{Heap before GC invocations=83 (full 17):
 garbage-first heap   total 90112K, used 68264K [0x0000000700a00000, 0x0000000800000000)
  region size 2048K, 19 young (38912K), 2 survivors (4096K)
 Metaspace       used 72505K, committed 73216K, reserved 1114112K
  class space    used 9786K, committed 10112K, reserved 1048576K
}
Event: 3824.362 GC heap after
{Heap after GC invocations=84 (full 17):
 garbage-first heap   total 90112K, used 33307K [0x0000000700a00000, 0x0000000800000000)
  region size 2048K, 1 young (2048K), 1 survivors (2048K)
 Metaspace       used 72505K, committed 73216K, reserved 1114112K
  class space    used 9786K, committed 10112K, reserved 1048576K
}
Event: 4445.131 GC heap before
{Heap before GC invocations=84 (full 17):
 garbage-first heap   total 90112K, used 68123K [0x0000000700a00000, 0x0000000800000000)
  region size 2048K, 19 young (38912K), 1 survivors (2048K)
 Metaspace       used 72508K, committed 73280K, reserved 1114112K
  class space    used 9787K, committed 10176K, reserved 1048576K
}
Event: 4445.172 GC heap after
{Heap after GC invocations=85 (full 18):
 garbage-first heap   total 90112K, used 23722K [0x0000000700a00000, 0x0000000800000000)
  region size 2048K, 0 young (0K), 0 survivors (0K)
 Metaspace       used 69672K, committed 72512K, reserved 1114112K
  class space    used 9546K, committed 10176K, reserved 1048576K
}
Event: 4446.906 GC heap before
{Heap before GC invocations=85 (full 18):
 garbage-first heap   total 90112K, used 68778K [0x0000000700a00000, 0x0000000800000000)
  region size 2048K, 22 young (45056K), 0 survivors (0K)
 Metaspace       used 69875K, committed 72512K, reserved 1114112K
  class space    used 9587K, committed 10176K, reserved 1048576K
}
Event: 4446.909 GC heap after
{Heap after GC invocations=86 (full 18):
 garbage-first heap   total 90112K, used 27699K [0x0000000700a00000, 0x0000000800000000)
  region size 2048K, 2 young (4096K), 2 survivors (4096K)
 Metaspace       used 69875K, committed 72512K, reserved 1114112K
  class space    used 9587K, committed 10176K, reserved 1048576K
}
Event: 4447.603 GC heap before
{Heap before GC invocations=86 (full 18):
 garbage-first heap   total 90112K, used 68659K [0x0000000700a00000, 0x0000000800000000)
  region size 2048K, 22 young (45056K), 2 survivors (4096K)
 Metaspace       used 70228K, committed 72512K, reserved 1114112K
  class space    used 9619K, committed 10176K, reserved 1048576K
}
Event: 4447.607 GC heap after
{Heap after GC invocations=87 (full 18):
 garbage-first heap   total 90112K, used 31148K [0x0000000700a00000, 0x0000000800000000)
  region size 2048K, 2 young (4096K), 2 survivors (4096K)
 Metaspace       used 70228K, committed 72512K, reserved 1114112K
  class space    used 9619K, committed 10176K, reserved 1048576K
}
Event: 4520.646 GC heap before
{Heap before GC invocations=87 (full 18):
 garbage-first heap   total 90112K, used 65964K [0x0000000700a00000, 0x0000000800000000)
  region size 2048K, 20 young (40960K), 2 survivors (4096K)
 Metaspace       used 70319K, committed 72512K, reserved 1114112K
  class space    used 9639K, committed 10176K, reserved 1048576K
}
Event: 4520.650 GC heap after
{Heap after GC invocations=88 (full 18):
 garbage-first heap   total 90112K, used 33585K [0x0000000700a00000, 0x0000000800000000)
  region size 2048K, 2 young (4096K), 2 survivors (4096K)
 Metaspace       used 70319K, committed 72512K, reserved 1114112K
  class space    used 9639K, committed 10176K, reserved 1048576K
}
Event: 4520.675 GC heap before
{Heap before GC invocations=88 (full 18):
 garbage-first heap   total 90112K, used 33585K [0x0000000700a00000, 0x0000000800000000)
  region size 2048K, 3 young (6144K), 2 survivors (4096K)
 Metaspace       used 70319K, committed 72512K, reserved 1114112K
  class space    used 9639K, committed 10176K, reserved 1048576K
}
Event: 4520.718 GC heap after
{Heap after GC invocations=89 (full 19):
 garbage-first heap   total 81920K, used 23268K [0x0000000700a00000, 0x0000000800000000)
  region size 2048K, 0 young (0K), 0 survivors (0K)
 Metaspace       used 69525K, committed 72320K, reserved 1114112K
  class space    used 9518K, committed 10112K, reserved 1048576K
}
Event: 4521.347 GC heap before
{Heap before GC invocations=89 (full 19):
 garbage-first heap   total 81920K, used 64228K [0x0000000700a00000, 0x0000000800000000)
  region size 2048K, 20 young (40960K), 0 survivors (0K)
 Metaspace       used 69728K, committed 72320K, reserved 1114112K
  class space    used 9559K, committed 10112K, reserved 1048576K
}
Event: 4521.350 GC heap after
{Heap after GC invocations=90 (full 19):
 garbage-first heap   total 81920K, used 27297K [0x0000000700a00000, 0x0000000800000000)
  region size 2048K, 2 young (4096K), 2 survivors (4096K)
 Metaspace       used 69728K, committed 72320K, reserved 1114112K
  class space    used 9559K, committed 10112K, reserved 1048576K
}

